2025-10-15 12:49:00 | DEBUG | repo=arquillian-phantom-driver | action=commit
2025-12-21 13:49:00 | INFO | repo=arquillian-phantom-driver | action=commit
2025-09-23 08:25:00 | WARN | repo=arquillian-phantom-driver | action=pull
2025-06-23 12:31:00 | DEBUG | repo=arquillian-phantom-driver | action=edit | files=4
2025-07-17 07:54:00 | WARN | repo=arquillian-phantom-driver | action=commit
2025-08-12 13:49:00 | WARN | repo=arquillian-phantom-driver | action=commit
2025-03-14 19:54:00 | INFO | repo=arquillian-phantom-driver | action=edit | files=1
2025-06-22 08:54:00 | WARN | repo=arquillian-phantom-driver | action=commit
2025-09-23 18:34:00 | WARN | repo=arquillian-phantom-driver | action=commit
2025-04-24 07:12:00 | INFO | repo=arquillian-phantom-driver | action=pull
2025-02-11 17:37:00 | WARN | repo=arquillian-phantom-driver | action=commit
2025-08-02 08:45:00 | DEBUG | repo=arquillian-phantom-driver | action=test | passed=true
2025-08-04 12:48:00 | INFO | repo=arquillian-phantom-driver | action=edit | files=1
2025-04-13 19:37:00 | DEBUG | repo=arquillian-phantom-driver | action=commit
2025-10-20 18:09:00 | DEBUG | repo=arquillian-phantom-driver | action=commit
2025-01-11 21:00:00 | WARN | repo=arquillian-phantom-driver | action=commit
2025-10-07 07:37:00 | DEBUG | repo=arquillian-phantom-driver | action=commit
2025-01-21 20:41:00 | DEBUG | repo=arquillian-phantom-driver | action=commit
2025-10-04 16:03:00 | INFO | repo=arquillian-phantom-driver | action=edit | files=5
2025-08-24 08:23:00 | WARN | repo=arquillian-phantom-driver | action=commit
2025-06-16 19:50:00 | WARN | repo=arquillian-phantom-driver | action=edit | files=5
2025-09-14 14:19:00 | WARN | repo=arquillian-phantom-driver | action=pull
2025-11-18 16:34:00 | INFO | repo=arquillian-phantom-driver | action=test | passed=true
2025-09-13 08:39:00 | WARN | repo=arquillian-phantom-driver | action=commit
2025-07-14 11:22:00 | DEBUG | repo=arquillian-phantom-driver | action=commit
2025-09-28 13:29:00 | INFO | repo=arquillian-phantom-driver | action=commit
2025-10-23 15:39:00 | DEBUG | repo=arquillian-phantom-driver | action=commit
2025-07-27 07:09:00 | INFO | repo=arquillian-phantom-driver | action=commit
2025-09-26 17:11:00 | INFO | repo=arquillian-phantom-driver | action=commit
2025-05-24 08:42:00 | INFO | repo=arquillian-phantom-driver | action=commit
2025-04-03 19:13:00 | DEBUG | repo=arquillian-phantom-driver | action=commit
2025-04-24 08:48:00 | WARN | repo=arquillian-phantom-driver | action=commit
2025-06-06 15:47:00 | DEBUG | repo=arquillian-phantom-driver | action=commit
2025-05-21 16:21:00 | DEBUG | repo=arquillian-phantom-driver | action=test | passed=true
2025-05-01 10:58:00 | DEBUG | repo=arquillian-phantom-driver | action=commit
2025-09-16 14:27:00 | WARN | repo=arquillian-phantom-driver | action=edit | files=3
2025-10-24 20:01:00 | WARN | repo=arquillian-phantom-driver | action=commit
2025-03-14 07:42:00 | DEBUG | repo=arquillian-phantom-driver | action=commit
2025-01-14 12:57:00 | INFO | repo=arquillian-phantom-driver | action=commit
2025-11-13 12:02:00 | INFO | repo=arquillian-phantom-driver | action=commit
2025-10-17 16:25:00 | DEBUG | repo=arquillian-phantom-driver | action=commit
2025-04-22 19:05:00 | WARN | repo=arquillian-phantom-driver | action=commit
2025-08-09 17:10:00 | DEBUG | repo=arquillian-phantom-driver | action=commit
2025-10-11 19:15:00 | INFO | repo=arquillian-phantom-driver | action=commit
2025-12-07 16:33:00 | WARN | repo=arquillian-phantom-driver | action=commit
2025-07-21 12:23:00 | WARN | repo=arquillian-phantom-driver | action=commit
2025-01-23 10:21:00 | DEBUG | repo=arquillian-phantom-driver | action=commit
2025-12-06 18:44:00 | INFO | repo=arquillian-phantom-driver | action=commit
2025-08-09 07:53:00 | WARN | repo=arquillian-phantom-driver | action=pull
2025-03-04 09:23:00 | WARN | repo=arquillian-phantom-driver | action=commit
2025-01-08 13:36:00 | DEBUG | repo=arquillian-phantom-driver | action=commit
2025-07-08 13:39:00 | WARN | repo=arquillian-phantom-driver | action=edit | files=5
2025-08-01 21:51:00 | INFO | repo=arquillian-phantom-driver | action=commit
2025-09-16 21:12:00 | INFO | repo=arquillian-phantom-driver | action=commit
2025-05-25 07:51:00 | DEBUG | repo=arquillian-phantom-driver | action=edit | files=5
2025-11-27 11:30:00 | WARN | repo=arquillian-phantom-driver | action=test | passed=true
2025-11-22 21:25:00 | WARN | repo=arquillian-phantom-driver | action=commit
2025-11-16 08:42:00 | WARN | repo=arquillian-phantom-driver | action=edit | files=3
2025-05-04 19:39:00 | INFO | repo=arquillian-phantom-driver | action=edit | files=2
2025-07-01 07:28:00 | DEBUG | repo=arquillian-phantom-driver | action=pull
2025-08-17 18:09:00 | DEBUG | repo=arquillian-phantom-driver | action=commit
2025-01-07 07:39:00 | DEBUG | repo=arquillian-phantom-driver | action=commit
2025-02-23 08:04:00 | WARN | repo=arquillian-phantom-driver | action=commit
2025-03-12 21:41:00 | INFO | repo=arquillian-phantom-driver | action=pull
2025-07-08 08:36:00 | DEBUG | repo=arquillian-phantom-driver | action=commit
2025-08-09 11:17:00 | WARN | repo=arquillian-phantom-driver | action=edit | files=2
2025-11-03 08:39:00 | INFO | repo=arquillian-phantom-driver | action=commit
2025-08-12 14:14:00 | DEBUG | repo=arquillian-phantom-driver | action=test | passed=true
2025-06-12 09:14:00 | WARN | repo=arquillian-phantom-driver | action=commit
2025-11-02 18:13:00 | DEBUG | repo=arquillian-phantom-driver | action=commit
2025-06-23 12:10:00 | DEBUG | repo=arquillian-phantom-driver | action=commit
2025-07-25 16:26:00 | WARN | repo=arquillian-phantom-driver | action=commit
2025-01-20 13:53:00 | WARN | repo=arquillian-phantom-driver | action=commit
